Please enter the amount of episodes: 
Map size: 10x10
Solver: greedy

Episode 1 - FAIL! (steps:1452)
Episode 2 - FAIL! (steps:10001)
Episode 3 - FAIL! (steps:1492)
Episode 4 - FAIL! (steps:1924)
Episode 5 - SUCCESS! (steps: 1473)
Episode 6 - FAIL! (steps:1191)
Episode 7 - FAIL! (steps:1772)
Episode 8 - SUCCESS! (steps: 1744)
Episode 9 - FAIL! (steps:1823)
Episode 10 - FAIL! (steps:1423)
Episode 11 - FAIL! (steps:1692)
Episode 12 - FAIL! (steps:1694)
Episode 13 - SUCCESS! (steps: 1496)
Episode 14 - FAIL! (steps:1384)
Episode 15 - FAIL! (steps:370)
Episode 16 - SUCCESS! (steps: 1572)
Episode 17 - FAIL! (steps:1404)
Episode 18 - FAIL! (steps:10001)
Episode 19 - FAIL! (steps:1355)
Episode 20 - FAIL! (steps:1584)
Episode 21 - SUCCESS! (steps: 1788)
Episode 22 - SUCCESS! (steps: 1756)
Episode 23 - SUCCESS! (steps: 1474)
Episode 24 - FAIL! (steps:10001)
Episode 25 - FAIL! (steps:1377)
Episode 26 - FAIL! (steps:1509)
Episode 27 - FAIL! (steps:1788)
Episode 28 - FAIL! (steps:1454)
Episode 29 - SUCCESS! (steps: 1621)
Episode 30 - FAIL! (steps:961)
Episode 31 - FAIL! (steps:1874)
Episode 32 - SUCCESS! (steps: 1698)
Episode 33 - SUCCESS! (steps: 1493)
Episode 34 - FAIL! (steps:1517)
Episode 35 - FAIL! (steps:1829)
Episode 36 - FAIL! (steps:1501)
Episode 37 - FAIL! (steps:1163)
Episode 38 - SUCCESS! (steps: 1656)
Episode 39 - FAIL! (steps:943)
Episode 40 - SUCCESS! (steps: 1688)
Episode 41 - FAIL! (steps:10001)
Episode 42 - FAIL! (steps:1399)
Episode 43 - SUCCESS! (steps: 1615)
Episode 44 - SUCCESS! (steps: 2177)
Episode 45 - FAIL! (steps:1679)
Episode 46 - SUCCESS! (steps: 1399)
Episode 47 - SUCCESS! (steps: 1940)
Episode 48 - FAIL! (steps:10001)
Episode 49 - FAIL! (steps:1154)
Episode 50 - FAIL! (steps:1345)
Episode 51 - FAIL! (steps:10001)
Episode 52 - SUCCESS! (steps: 1197)
Episode 53 - SUCCESS! (steps: 1996)
Episode 54 - FAIL! (steps:1879)
Episode 55 - FAIL! (steps:653)
Episode 56 - FAIL! (steps:1298)
Episode 57 - FAIL! (steps:10001)
Episode 58 - FAIL! (steps:1761)
Episode 59 - FAIL! (steps:10001)
Episode 60 - SUCCESS! (steps: 1670)
Episode 61 - FAIL! (steps:10001)
Episode 62 - SUCCESS! (steps: 1578)
Episode 63 - FAIL! (steps:1291)
Episode 64 - FAIL! (steps:1672)
Episode 65 - FAIL! (steps:1595)
Episode 66 - FAIL! (steps:10001)
Episode 67 - FAIL! (steps:1822)
Episode 68 - SUCCESS! (steps: 1194)
Episode 69 - FAIL! (steps:1355)
Episode 70 - FAIL! (steps:1340)
Episode 71 - FAIL! (steps:1282)
Episode 72 - FAIL! (steps:10001)
Episode 73 - FAIL! (steps:366)
Episode 74 - FAIL! (steps:1718)
Episode 75 - FAIL! (steps:1047)
Episode 76 - SUCCESS! (steps: 1591)
Episode 77 - FAIL! (steps:1644)
Episode 78 - FAIL! (steps:1335)
Episode 79 - FAIL! (steps:1694)
Episode 80 - FAIL! (steps:10001)
Episode 81 - FAIL! (steps:1911)
Episode 82 - FAIL! (steps:1581)
Episode 83 - FAIL! (steps:1581)
Episode 84 - FAIL! (steps:1392)
Episode 85 - FAIL! (steps:10001)
Episode 86 - FAIL! (steps:1670)
Episode 87 - FAIL! (steps:545)
Episode 88 - FAIL! (steps:1729)
Episode 89 - FAIL! (steps:1673)
Episode 90 - SUCCESS! (steps: 1523)
Episode 91 - FAIL! (steps:10001)
Episode 92 - FAIL! (steps:10001)
Episode 93 - FAIL! (steps:10001)
Episode 94 - FAIL! (steps:1897)
Episode 95 - SUCCESS! (steps: 1512)
Episode 96 - SUCCESS! (steps: 1565)
Episode 97 - SUCCESS! (steps: 1559)
Episode 98 - FAIL! (steps:1447)
Episode 99 - FAIL! (steps:1305)
Episode 100 - FAIL! (steps:1532)

[Summary]
Total: 100
Successful: 26
Success Ratio: 26.00%
Average Success Steps:1614.42
